<?xml version="1.0" encoding="UTF-8"?>
<!-- Generated by org.testng.reporters.JUnitReportReporter -->
<testsuite skipped="0" hostname="WDP-00001" name="ru.solyankinas.task.three.test.NavigationYandexTest" tests="1" failures="0" timestamp="02 авг 2018 09:31:15 GMT" time="35.963" errors="0">
  <testcase name="testNavigationYandex" time="35.963" classname="ru.solyankinas.task.three.test.NavigationYandexTest"/>
</testsuite> <!-- ru.solyankinas.task.three.test.NavigationYandexTest -->
